<?xml version="1.0" encoding="UTF-8"?>
<testng-results ignored="0" total="1" passed="1" failed="0" skipped="0">
  <reporter-output>
  </reporter-output>
  <suite started-at="2024-12-22T09:36:15 IST" name="Default suite" finished-at="2024-12-22T09:36:39 IST" duration-ms="24390">
    <groups>
    </groups>
    <test started-at="2024-12-22T09:36:15 IST" name="Default test" finished-at="2024-12-22T09:36:39 IST" duration-ms="24390">
      <class name="com.simpleProject.SeleniumTest">
        <test-method is-config="true" signature="before()[pri:0, instance:com.simpleProject.SeleniumTest@2a265ea9]" started-at="2024-12-22T09:36:15 IST" name="before" finished-at="2024-12-22T09:36:20 IST" duration-ms="5012" status="PASS">
          <reporter-output>
          </reporter-output>
        </test-method> <!-- before -->
        <test-method signature="test()[pri:0, instance:com.simpleProject.SeleniumTest@2a265ea9]" started-at="2024-12-22T09:36:20 IST" name="test" finished-at="2024-12-22T09:36:39 IST" duration-ms="19108" status="PASS">
          <reporter-output>
          </reporter-output>
        </test-method> <!-- test -->
        <test-method is-config="true" signature="after()[pri:0, instance:com.simpleProject.SeleniumTest@2a265ea9]" started-at="2024-12-22T09:36:39 IST" name="after" finished-at="2024-12-22T09:36:39 IST" duration-ms="192" status="PASS">
          <reporter-output>
          </reporter-output>
        </test-method> <!-- after -->
      </class> <!-- com.simpleProject.SeleniumTest -->
    </test> <!-- Default test -->
  </suite> <!-- Default suite -->
</testng-results>
